{"level":"info","message":"Server is running on port 4000","timestamp":"2026-02-24T03:54:46.356Z"}
{"level":"info","message":"Server is running on port 4000","timestamp":"2026-02-24T03:54:48.922Z"}
{"level":"info","message":"Database connected","timestamp":"2026-02-24T03:54:55.582Z"}
{"level":"info","message":"Server is running on port 4000","timestamp":"2026-02-24T03:54:55.589Z"}
{"level":"info","message":"Database connected","timestamp":"2026-02-24T03:55:00.819Z"}
{"level":"info","message":"Server is running on port 4000","timestamp":"2026-02-24T03:55:00.827Z"}
{"level":"info","message":"Database connected","timestamp":"2026-02-24T03:55:08.531Z"}
{"level":"info","message":"Server is running on port 4000","timestamp":"2026-02-24T03:55:08.537Z"}
{"level":"info","message":"Database connected","timestamp":"2026-02-24T03:55:15.143Z"}
{"level":"info","message":"Server is running on port 4000","timestamp":"2026-02-24T03:55:15.150Z"}
{"level":"info","message":"Database connected","timestamp":"2026-02-24T03:55:19.307Z"}
{"level":"info","message":"Server is running on port 4000","timestamp":"2026-02-24T03:55:19.311Z"}
{"level":"info","message":"Database connected","timestamp":"2026-02-24T03:55:29.184Z"}
{"level":"info","message":"Server is running on port 4000","timestamp":"2026-02-24T03:55:29.193Z"}
{"level":"info","message":"Database connected","timestamp":"2026-02-24T03:55:34.735Z"}
{"level":"info","message":"Server is running on port 4000","timestamp":"2026-02-24T03:55:34.741Z"}
{"level":"info","message":"Database connected","timestamp":"2026-02-24T03:55:36.356Z"}
{"level":"info","message":"Server is running on port 4000","timestamp":"2026-02-24T03:55:36.365Z"}
{"level":"info","message":"Database connected","timestamp":"2026-02-24T03:55:43.396Z"}
{"level":"info","message":"Server is running on port 4000","timestamp":"2026-02-24T03:55:43.403Z"}
{"level":"info","message":"Database connected","timestamp":"2026-02-24T03:55:49.355Z"}
{"level":"info","message":"Server is running on port 4000","timestamp":"2026-02-24T03:55:49.362Z"}
{"level":"info","message":"Database connected","timestamp":"2026-02-24T03:55:56.577Z"}
{"level":"info","message":"Server is running on port 4000","timestamp":"2026-02-24T03:55:56.585Z"}
{"level":"info","message":"Database connected","timestamp":"2026-02-24T03:56:00.727Z"}
{"level":"info","message":"Server is running on port 4000","timestamp":"2026-02-24T03:56:00.733Z"}
{"level":"info","message":"Database connected","timestamp":"2026-02-24T03:56:04.421Z"}
{"level":"info","message":"Server is running on port 4000","timestamp":"2026-02-24T03:56:04.427Z"}
{"level":"info","message":"Database connected","timestamp":"2026-02-24T03:56:06.492Z"}
{"level":"info","message":"Server is running on port 4000","timestamp":"2026-02-24T03:56:06.497Z"}
{"level":"info","message":"Database connected","timestamp":"2026-02-24T03:56:08.840Z"}
{"level":"info","message":"Server is running on port 4000","timestamp":"2026-02-24T03:56:08.847Z"}
{"level":"info","message":"Database connected","timestamp":"2026-02-24T03:56:13.469Z"}
{"level":"info","message":"Server is running on port 4000","timestamp":"2026-02-24T03:56:13.476Z"}
{"level":"info","message":"Database connected","timestamp":"2026-02-24T03:56:55.454Z"}
{"level":"info","message":"Server is running on port 4000","timestamp":"2026-02-24T03:56:55.459Z"}
{"level":"info","message":"Database connected","timestamp":"2026-02-24T03:56:56.608Z"}
{"level":"info","message":"Server is running on port 4000","timestamp":"2026-02-24T03:56:56.615Z"}
{"level":"info","message":"Database connected","timestamp":"2026-02-24T03:56:58.789Z"}
{"level":"info","message":"Server is running on port 4000","timestamp":"2026-02-24T03:56:58.793Z"}
{"level":"info","message":"Database connected","timestamp":"2026-02-24T03:57:03.414Z"}
{"level":"info","message":"Server is running on port 4000","timestamp":"2026-02-24T03:57:03.423Z"}
{"level":"info","message":"Database connected","timestamp":"2026-02-24T03:57:21.669Z"}
{"level":"info","message":"Server is running on port 4000","timestamp":"2026-02-24T03:57:21.675Z"}
{"level":"info","message":"Database connected","timestamp":"2026-02-24T03:58:00.090Z"}
{"level":"info","message":"Server is running on port 4000","timestamp":"2026-02-24T03:58:00.095Z"}
{"level":"info","message":"Database connected","timestamp":"2026-02-24T04:10:40.491Z"}
{"level":"info","message":"Server is running on port 4000","timestamp":"2026-02-24T04:10:40.498Z"}
{"level":"info","message":"Database connected","timestamp":"2026-02-24T04:10:43.014Z"}
{"level":"info","message":"Server is running on port 4000","timestamp":"2026-02-24T04:10:43.022Z"}
{"level":"info","message":"Database connected","timestamp":"2026-02-24T04:10:47.075Z"}
{"level":"info","message":"Server is running on port 4000","timestamp":"2026-02-24T04:10:47.082Z"}
{"level":"info","message":"Database connected","timestamp":"2026-02-24T04:10:49.402Z"}
{"level":"info","message":"Server is running on port 4000","timestamp":"2026-02-24T04:10:49.409Z"}
{"level":"info","message":"Database connected","timestamp":"2026-02-24T04:10:51.539Z"}
{"level":"info","message":"Server is running on port 4000","timestamp":"2026-02-24T04:10:51.546Z"}
{"level":"info","message":"Database connected","timestamp":"2026-02-24T04:11:10.286Z"}
{"level":"info","message":"Server is running on port 4000","timestamp":"2026-02-24T04:11:10.293Z"}
{"level":"info","message":"Database connected","timestamp":"2026-02-24T04:11:11.364Z"}
{"level":"info","message":"Server is running on port 4000","timestamp":"2026-02-24T04:11:11.372Z"}
{"level":"info","message":"Database connected","timestamp":"2026-02-24T04:11:16.072Z"}
{"level":"info","message":"Server is running on port 4000","timestamp":"2026-02-24T04:11:16.080Z"}
{"level":"info","message":"Database connected","timestamp":"2026-02-24T04:11:18.076Z"}
{"level":"info","message":"Server is running on port 4000","timestamp":"2026-02-24T04:11:18.082Z"}
{"level":"info","message":"Database connected","timestamp":"2026-02-24T04:11:36.259Z"}
{"level":"info","message":"Server is running on port 4000","timestamp":"2026-02-24T04:11:36.264Z"}
{"level":"info","message":"Database connected","timestamp":"2026-02-24T13:14:34.729Z"}
{"level":"info","message":"Server is running on port 4000","timestamp":"2026-02-24T13:14:34.736Z"}
{"level":"info","message":"Database connected","timestamp":"2026-02-24T13:16:08.037Z"}
{"level":"info","message":"Server is running on port 4000","timestamp":"2026-02-24T13:16:08.046Z"}
{"level":"info","message":"Database connected","timestamp":"2026-02-24T13:42:10.670Z"}
{"level":"info","message":"Server is running on port 4000","timestamp":"2026-02-24T13:42:10.675Z"}
{"level":"info","message":"Database connected","timestamp":"2026-02-24T13:42:12.847Z"}
{"level":"info","message":"Server is running on port 4000","timestamp":"2026-02-24T13:42:12.853Z"}
{"level":"info","message":"Database connected","timestamp":"2026-02-24T13:42:15.126Z"}
{"level":"info","message":"Server is running on port 4000","timestamp":"2026-02-24T13:42:15.132Z"}
{"level":"info","message":"Database connected","timestamp":"2026-02-24T13:42:19.087Z"}
{"level":"info","message":"Server is running on port 4000","timestamp":"2026-02-24T13:42:19.095Z"}
{"level":"info","message":"Database connected","timestamp":"2026-02-24T13:42:21.303Z"}
{"level":"info","message":"Server is running on port 4000","timestamp":"2026-02-24T13:42:21.311Z"}
{"level":"info","message":"Database connected","timestamp":"2026-02-24T13:42:23.331Z"}
{"level":"info","message":"Server is running on port 4000","timestamp":"2026-02-24T13:42:23.338Z"}
{"level":"info","message":"Database connected","timestamp":"2026-02-24T13:42:55.224Z"}
{"level":"info","message":"Server is running on port 4000","timestamp":"2026-02-24T13:42:55.228Z"}
{"level":"info","message":"Database connected","timestamp":"2026-02-24T13:44:32.989Z"}
{"level":"info","message":"Server is running on port 4000","timestamp":"2026-02-24T13:44:32.996Z"}
{"level":"info","message":"Database connected","timestamp":"2026-02-24T13:45:46.161Z"}
{"level":"info","message":"Server is running on port 4000","timestamp":"2026-02-24T13:45:46.168Z"}
{"level":"info","message":"Database connected","timestamp":"2026-02-24T13:46:18.767Z"}
{"level":"info","message":"Server is running on port 4000","timestamp":"2026-02-24T13:46:18.775Z"}
{"level":"info","message":"Database connected","timestamp":"2026-02-24T13:46:19.928Z"}
{"level":"info","message":"Server is running on port 4000","timestamp":"2026-02-24T13:46:19.935Z"}
{"level":"info","message":"Database connected","timestamp":"2026-02-24T13:48:18.118Z"}
{"level":"info","message":"Server is running on port 4000","timestamp":"2026-02-24T13:48:18.123Z"}
{"level":"info","message":"Database connected","timestamp":"2026-02-24T13:48:22.088Z"}
{"level":"info","message":"Server is running on port 4000","timestamp":"2026-02-24T13:48:22.097Z"}
{"level":"info","message":"Database connected","timestamp":"2026-02-24T13:48:24.113Z"}
{"level":"info","message":"Server is running on port 4000","timestamp":"2026-02-24T13:48:24.119Z"}
{"level":"info","message":"Database connected","timestamp":"2026-02-24T13:48:28.790Z"}
{"level":"info","message":"Server is running on port 4000","timestamp":"2026-02-24T13:48:28.795Z"}
{"level":"info","message":"Database connected","timestamp":"2026-02-24T13:48:32.788Z"}
{"level":"info","message":"Server is running on port 4000","timestamp":"2026-02-24T13:48:32.795Z"}
{"level":"info","message":"Database connected","timestamp":"2026-02-24T13:48:35.325Z"}
{"level":"info","message":"Server is running on port 4000","timestamp":"2026-02-24T13:48:35.330Z"}
{"level":"info","message":"Database connected","timestamp":"2026-02-24T13:48:39.643Z"}
{"level":"info","message":"Server is running on port 4000","timestamp":"2026-02-24T13:48:39.650Z"}
{"level":"info","message":"Database connected","timestamp":"2026-02-24T13:48:40.669Z"}
{"level":"info","message":"Server is running on port 4000","timestamp":"2026-02-24T13:48:40.675Z"}
{"level":"info","message":"Database connected","timestamp":"2026-02-24T13:48:45.840Z"}
{"level":"info","message":"Server is running on port 4000","timestamp":"2026-02-24T13:48:45.847Z"}
{"level":"info","message":"Database connected","timestamp":"2026-02-24T13:49:53.747Z"}
{"level":"info","message":"Server is running on port 4000","timestamp":"2026-02-24T13:49:53.753Z"}
{"level":"info","message":"Database connected","timestamp":"2026-02-24T13:50:04.311Z"}
{"level":"info","message":"Server is running on port 4000","timestamp":"2026-02-24T13:50:04.316Z"}
{"level":"info","message":"Database connected","timestamp":"2026-02-24T13:50:07.297Z"}
{"level":"info","message":"Server is running on port 4000","timestamp":"2026-02-24T13:50:07.304Z"}
{"level":"info","message":"Database connected","timestamp":"2026-02-24T13:50:10.517Z"}
{"level":"info","message":"Server is running on port 4000","timestamp":"2026-02-24T13:50:10.521Z"}
{"level":"info","message":"Database connected","timestamp":"2026-02-24T13:50:22.886Z"}
{"level":"info","message":"Server is running on port 4000","timestamp":"2026-02-24T13:50:22.893Z"}
{"level":"info","message":"Database connected","timestamp":"2026-02-24T13:50:24.288Z"}
{"level":"info","message":"Server is running on port 4000","timestamp":"2026-02-24T13:50:24.295Z"}
{"level":"info","message":"Database connected","timestamp":"2026-02-24T13:50:26.867Z"}
{"level":"info","message":"Server is running on port 4000","timestamp":"2026-02-24T13:50:26.874Z"}
{"level":"info","message":"Database connected","timestamp":"2026-02-24T13:51:09.940Z"}
{"level":"info","message":"Server is running on port 4000","timestamp":"2026-02-24T13:51:09.946Z"}
{"level":"info","message":"Database connected","timestamp":"2026-02-24T13:51:12.929Z"}
{"level":"info","message":"Server is running on port 4000","timestamp":"2026-02-24T13:51:12.934Z"}
{"level":"info","message":"Database connected","timestamp":"2026-02-24T13:51:16.807Z"}
{"level":"info","message":"Server is running on port 4000","timestamp":"2026-02-24T13:51:16.814Z"}
{"level":"info","message":"Database connected","timestamp":"2026-02-24T13:51:19.555Z"}
{"level":"info","message":"Server is running on port 4000","timestamp":"2026-02-24T13:51:19.562Z"}
{"level":"info","message":"Database connected","timestamp":"2026-02-24T13:51:21.003Z"}
{"level":"info","message":"Server is running on port 4000","timestamp":"2026-02-24T13:51:21.009Z"}
{"level":"info","message":"Database connected","timestamp":"2026-02-24T13:51:49.305Z"}
{"level":"info","message":"Server is running on port 4000","timestamp":"2026-02-24T13:51:49.310Z"}
{"level":"info","message":"Database connected","timestamp":"2026-02-24T13:51:52.632Z"}
{"level":"info","message":"Server is running on port 4000","timestamp":"2026-02-24T13:51:52.639Z"}
{"level":"info","message":"Database connected","timestamp":"2026-02-24T13:51:53.483Z"}
{"level":"info","message":"Server is running on port 4000","timestamp":"2026-02-24T13:51:53.488Z"}
{"level":"info","message":"Database connected","timestamp":"2026-02-24T13:51:58.207Z"}
{"level":"info","message":"Server is running on port 4000","timestamp":"2026-02-24T13:51:58.212Z"}
{"level":"info","message":"Database connected","timestamp":"2026-02-24T13:52:37.535Z"}
{"level":"info","message":"Server is running on port 4000","timestamp":"2026-02-24T13:52:37.539Z"}
{"level":"info","message":"Database connected","timestamp":"2026-02-24T13:52:39.317Z"}
{"level":"info","message":"Server is running on port 4000","timestamp":"2026-02-24T13:52:39.324Z"}
{"level":"info","message":"Database connected","timestamp":"2026-02-24T13:53:09.844Z"}
{"level":"info","message":"Server is running on port 4000","timestamp":"2026-02-24T13:53:09.851Z"}
{"level":"info","message":"Database connected","timestamp":"2026-02-24T13:53:10.932Z"}
{"level":"info","message":"Server is running on port 4000","timestamp":"2026-02-24T13:53:10.939Z"}
{"level":"info","message":"Database connected","timestamp":"2026-02-24T13:56:03.377Z"}
{"level":"info","message":"Server is running on port 4000","timestamp":"2026-02-24T13:56:03.384Z"}
{"level":"info","message":"Database connected","timestamp":"2026-02-24T13:57:45.457Z"}
{"level":"info","message":"Server is running on port 4000","timestamp":"2026-02-24T13:57:45.462Z"}
{"level":"info","message":"Database connected","timestamp":"2026-02-24T13:57:52.977Z"}
{"level":"info","message":"Server is running on port 4000","timestamp":"2026-02-24T13:57:52.983Z"}
{"level":"info","message":"Database connected","timestamp":"2026-02-24T13:57:55.170Z"}
{"level":"info","message":"Server is running on port 4000","timestamp":"2026-02-24T13:57:55.175Z"}
{"level":"info","message":"Database connected","timestamp":"2026-02-24T13:58:03.389Z"}
{"level":"info","message":"Server is running on port 4000","timestamp":"2026-02-24T13:58:03.393Z"}
{"level":"info","message":"Database connected","timestamp":"2026-02-24T13:58:16.695Z"}
{"level":"info","message":"Server is running on port 4000","timestamp":"2026-02-24T13:58:16.705Z"}
{"level":"warn","message":"Apple OAuth strategy not registered — missing environment variables","timestamp":"2026-02-24T14:01:51.254Z"}
{"level":"info","message":"Database connected","timestamp":"2026-02-24T14:01:51.588Z"}
{"level":"info","message":"Server is running on port 4000","timestamp":"2026-02-24T14:01:51.593Z"}
{"level":"warn","message":"Apple OAuth strategy not registered — missing environment variables","timestamp":"2026-02-24T14:02:02.404Z"}
{"level":"warn","message":"Apple OAuth strategy not registered — missing environment variables","timestamp":"2026-02-24T14:02:03.441Z"}
{"level":"info","message":"Database connected","timestamp":"2026-02-24T14:02:03.941Z"}
{"level":"info","message":"Server is running on port 4000","timestamp":"2026-02-24T14:02:03.945Z"}
{"level":"warn","message":"Apple OAuth strategy not registered — missing environment variables","timestamp":"2026-02-24T14:02:20.286Z"}
{"level":"info","message":"Database connected","timestamp":"2026-02-24T14:02:20.653Z"}
{"level":"info","message":"Server is running on port 4000","timestamp":"2026-02-24T14:02:20.657Z"}
{"level":"warn","message":"Apple OAuth strategy not registered — missing environment variables","timestamp":"2026-02-24T14:02:21.513Z"}
{"level":"info","message":"Database connected","timestamp":"2026-02-24T14:02:21.863Z"}
{"level":"info","message":"Server is running on port 4000","timestamp":"2026-02-24T14:02:21.869Z"}
{"level":"warn","message":"Apple OAuth strategy not registered — missing environment variables","timestamp":"2026-02-24T14:02:43.189Z"}
{"level":"info","message":"Database connected","timestamp":"2026-02-24T14:02:43.788Z"}
{"level":"info","message":"Server is running on port 4000","timestamp":"2026-02-24T14:02:43.794Z"}
{"level":"warn","message":"Apple OAuth strategy not registered — missing environment variables","timestamp":"2026-02-24T14:02:45.325Z"}
{"level":"info","message":"Database connected","timestamp":"2026-02-24T14:02:45.659Z"}
{"level":"info","message":"Server is running on port 4000","timestamp":"2026-02-24T14:02:45.664Z"}
{"level":"warn","message":"Apple OAuth strategy not registered — missing environment variables","timestamp":"2026-02-24T14:03:09.298Z"}
{"level":"info","message":"Database connected","timestamp":"2026-02-24T14:03:09.609Z"}
{"level":"info","message":"Server is running on port 4000","timestamp":"2026-02-24T14:03:09.616Z"}
{"level":"warn","message":"Apple OAuth strategy not registered — missing environment variables","timestamp":"2026-02-24T14:03:11.499Z"}
{"level":"info","message":"Database connected","timestamp":"2026-02-24T14:03:11.865Z"}
{"level":"info","message":"Server is running on port 4000","timestamp":"2026-02-24T14:03:11.872Z"}
{"level":"warn","message":"Apple OAuth strategy not registered — missing environment variables","timestamp":"2026-02-24T14:03:14.018Z"}
{"level":"info","message":"Database connected","timestamp":"2026-02-24T14:03:14.336Z"}
{"level":"info","message":"Server is running on port 4000","timestamp":"2026-02-24T14:03:14.345Z"}
{"level":"warn","message":"Apple OAuth strategy not registered — missing environment variables","timestamp":"2026-02-24T14:03:16.589Z"}
{"level":"info","message":"Database connected","timestamp":"2026-02-24T14:03:16.954Z"}
{"level":"info","message":"Server is running on port 4000","timestamp":"2026-02-24T14:03:16.959Z"}
{"level":"warn","message":"Apple OAuth strategy not registered — missing environment variables","timestamp":"2026-02-24T14:05:22.368Z"}
{"level":"warn","message":"Apple OAuth strategy not registered — missing environment variables","timestamp":"2026-02-24T14:05:23.185Z"}
{"level":"info","message":"Database connected","timestamp":"2026-02-24T14:05:23.617Z"}
{"level":"info","message":"Server is running on port 4000","timestamp":"2026-02-24T14:05:23.623Z"}
{"level":"warn","message":"Apple OAuth strategy not registered — missing environment variables","timestamp":"2026-02-24T14:05:30.118Z"}
{"level":"info","message":"Database connected","timestamp":"2026-02-24T14:05:30.478Z"}
{"level":"info","message":"Server is running on port 4000","timestamp":"2026-02-24T14:05:30.484Z"}
{"level":"warn","message":"Apple OAuth strategy not registered — missing environment variables","timestamp":"2026-02-24T14:15:39.441Z"}
{"level":"info","message":"Database connected","timestamp":"2026-02-24T14:15:39.890Z"}
{"level":"info","message":"Server is running on port 4000","timestamp":"2026-02-24T14:15:39.896Z"}
{"level":"info","message":"Database connected","timestamp":"2026-02-24T14:15:48.524Z"}
{"level":"info","message":"Server is running on port 4000","timestamp":"2026-02-24T14:15:48.532Z"}
{"level":"info","message":"Database connected","timestamp":"2026-02-24T14:15:53.961Z"}
{"level":"info","message":"Server is running on port 4000","timestamp":"2026-02-24T14:15:53.970Z"}
{"level":"warn","message":"Apple OAuth strategy not registered — missing environment variables","timestamp":"2026-02-24T14:15:57.132Z"}
{"level":"info","message":"Database connected","timestamp":"2026-02-24T14:15:57.502Z"}
{"level":"info","message":"Server is running on port 4000","timestamp":"2026-02-24T14:15:57.508Z"}
{"level":"warn","message":"Apple OAuth strategy not registered — missing environment variables","timestamp":"2026-02-24T14:16:01.887Z"}
{"level":"info","message":"Database connected","timestamp":"2026-02-24T14:16:02.210Z"}
{"level":"info","message":"Server is running on port 4000","timestamp":"2026-02-24T14:16:02.216Z"}
{"level":"warn","message":"Apple OAuth strategy not registered — missing environment variables","timestamp":"2026-02-24T14:16:14.068Z"}
{"level":"info","message":"Database connected","timestamp":"2026-02-24T14:16:14.400Z"}
{"level":"info","message":"Server is running on port 4000","timestamp":"2026-02-24T14:16:14.406Z"}
{"level":"warn","message":"Apple OAuth strategy not registered — missing environment variables","timestamp":"2026-02-24T16:14:00.637Z"}
{"level":"info","message":"Database connected","timestamp":"2026-02-24T16:14:01.118Z"}
{"level":"info","message":"Server is running on port 4000","timestamp":"2026-02-24T16:14:01.123Z"}
{"level":"warn","message":"Apple OAuth strategy not registered — missing environment variables","timestamp":"2026-02-24T16:14:05.904Z"}
{"level":"info","message":"Database connected","timestamp":"2026-02-24T16:14:06.359Z"}
{"level":"info","message":"Server is running on port 4000","timestamp":"2026-02-24T16:14:06.369Z"}
{"level":"warn","message":"Apple OAuth strategy not registered — missing environment variables","timestamp":"2026-02-24T16:14:10.491Z"}
{"level":"info","message":"Database connected","timestamp":"2026-02-24T16:14:10.832Z"}
{"level":"info","message":"Server is running on port 4000","timestamp":"2026-02-24T16:14:10.837Z"}
{"level":"warn","message":"Apple OAuth strategy not registered — missing environment variables","timestamp":"2026-02-24T16:14:26.674Z"}
{"level":"info","message":"Database connected","timestamp":"2026-02-24T16:14:27.029Z"}
{"level":"info","message":"Server is running on port 4000","timestamp":"2026-02-24T16:14:27.034Z"}
{"level":"warn","message":"Apple OAuth strategy not registered — missing environment variables","timestamp":"2026-02-24T16:14:40.916Z"}
{"level":"info","message":"Database connected","timestamp":"2026-02-24T16:14:41.311Z"}
{"level":"info","message":"Server is running on port 4000","timestamp":"2026-02-24T16:14:41.318Z"}
{"level":"warn","message":"Apple OAuth strategy not registered — missing environment variables","timestamp":"2026-02-24T16:24:23.563Z"}
{"level":"info","message":"Database connected","timestamp":"2026-02-24T16:24:23.946Z"}
{"level":"info","message":"Server is running on port 4000","timestamp":"2026-02-24T16:24:23.951Z"}
{"googleId":"107138120348289350118","level":"info","message":"Google sign-in by googleId","timestamp":"2026-02-24T16:24:38.302Z"}
{"level":"info","message":"Google sign-up: new user created","timestamp":"2026-02-24T16:24:50.042Z","userId":"699dd0d1572c16b45f13f95c"}
{"googleId":"101186321158557179454","level":"info","message":"Google sign-in by googleId","timestamp":"2026-02-24T16:25:50.284Z"}
{"level":"warn","message":"Apple OAuth strategy not registered — missing environment variables","timestamp":"2026-02-24T16:28:07.363Z"}
{"level":"info","message":"Database connected","timestamp":"2026-02-24T16:28:07.728Z"}
{"level":"info","message":"Server is running on port 4000","timestamp":"2026-02-24T16:28:07.734Z"}
{"level":"warn","message":"Apple OAuth strategy not registered — missing environment variables","timestamp":"2026-02-24T16:28:08.673Z"}
{"level":"info","message":"Database connected","timestamp":"2026-02-24T16:28:09.095Z"}
{"level":"info","message":"Server is running on port 4000","timestamp":"2026-02-24T16:28:09.099Z"}
{"level":"warn","message":"Apple OAuth strategy not registered — missing environment variables","timestamp":"2026-02-24T16:28:11.810Z"}
{"level":"info","message":"Database connected","timestamp":"2026-02-24T16:28:12.154Z"}
{"level":"info","message":"Server is running on port 4000","timestamp":"2026-02-24T16:28:12.159Z"}
{"level":"warn","message":"Apple OAuth strategy not registered — missing environment variables","timestamp":"2026-02-24T16:30:50.127Z"}
{"level":"info","message":"Database connected","timestamp":"2026-02-24T16:30:50.549Z"}
{"level":"info","message":"Server is running on port 4000","timestamp":"2026-02-24T16:30:50.554Z"}
{"level":"warn","message":"Apple OAuth strategy not registered — missing environment variables","timestamp":"2026-02-24T16:30:55.250Z"}
{"level":"info","message":"Database connected","timestamp":"2026-02-24T16:30:55.629Z"}
{"level":"info","message":"Server is running on port 4000","timestamp":"2026-02-24T16:30:55.636Z"}
{"level":"warn","message":"Apple OAuth strategy not registered — missing environment variables","timestamp":"2026-02-24T16:30:57.809Z"}
{"level":"info","message":"Database connected","timestamp":"2026-02-24T16:30:58.310Z"}
{"level":"info","message":"Server is running on port 4000","timestamp":"2026-02-24T16:30:58.317Z"}
{"level":"warn","message":"Apple OAuth strategy not registered — missing environment variables","timestamp":"2026-02-24T16:32:09.821Z"}
{"level":"info","message":"Database connected","timestamp":"2026-02-24T16:32:10.186Z"}
{"level":"info","message":"Server is running on port 4000","timestamp":"2026-02-24T16:32:10.193Z"}
{"level":"warn","message":"Apple OAuth strategy not registered — missing environment variables","timestamp":"2026-02-24T16:32:12.148Z"}
{"level":"info","message":"Database connected","timestamp":"2026-02-24T16:32:12.560Z"}
{"level":"info","message":"Server is running on port 4000","timestamp":"2026-02-24T16:32:12.568Z"}
{"googleId":"107138120348289350118","level":"info","message":"Google sign-in by googleId","timestamp":"2026-02-24T16:32:24.012Z"}
{"googleId":"101186321158557179454","level":"info","message":"Google sign-in by googleId","timestamp":"2026-02-24T16:33:13.113Z"}
{"level":"info","message":"Google sign-up: new user created","timestamp":"2026-02-24T16:33:40.943Z","userId":"699dd2e48f25ba65473b57af"}
